2017-02-11T22:33:49.694-0700 I CONTROL  [initandlisten] MongoDB starting : pid=17125 port=27018 dbpath=/Users/caleb/Documents/Programming/projects/ProjectAccent/node_modules/mockgoose/.mongooseTempDB/27018 64-bit host=Calebs-MacBook-Pro.local
2017-02-11T22:33:49.698-0700 I CONTROL  [initandlisten] db version v3.2.10
2017-02-11T22:33:49.698-0700 I CONTROL  [initandlisten] git version: 79d9b3ab5ce20f51c272b4411202710a082d0317
2017-02-11T22:33:49.698-0700 I CONTROL  [initandlisten] allocator: system
2017-02-11T22:33:49.698-0700 I CONTROL  [initandlisten] modules: none
2017-02-11T22:33:49.698-0700 I CONTROL  [initandlisten] build environment:
2017-02-11T22:33:49.698-0700 I CONTROL  [initandlisten]     distarch: x86_64
2017-02-11T22:33:49.698-0700 I CONTROL  [initandlisten]     target_arch: x86_64
2017-02-11T22:33:49.698-0700 I CONTROL  [initandlisten] options: { net: { bindIp: "127.0.0.1", port: 27018 }, processManagement: { fork: true }, storage: { dbPath: "/Users/caleb/Documents/Programming/projects/ProjectAccent/node_modules/mockgoose/.mongooseTempDB/27018", engine: "ephemeralForTest" }, systemLog: { destination: "file", path: "/Users/caleb/Documents/Programming/projects/ProjectAccent/mongodb-prebuilt-1486877629211.log" } }
2017-02-11T22:33:49.707-0700 I CONTROL  [initandlisten] ** WARNING: You are running this process as the root user, which is not recommended.
2017-02-11T22:33:49.707-0700 I CONTROL  [initandlisten] 
2017-02-11T22:33:49.707-0700 I CONTROL  [initandlisten] 
2017-02-11T22:33:49.707-0700 I CONTROL  [initandlisten] ** NOTE: The ephemeralForTest storage engine is for testing only. 
2017-02-11T22:33:49.707-0700 I CONTROL  [initandlisten] **       Do not use in production.
2017-02-11T22:33:49.707-0700 I CONTROL  [initandlisten] 
2017-02-11T22:33:49.708-0700 I FTDC     [initandlisten] Initializing full-time diagnostic data capture with directory '/Users/caleb/Documents/Programming/projects/ProjectAccent/node_modules/mockgoose/.mongooseTempDB/27018/diagnostic.data'
2017-02-11T22:33:49.708-0700 I NETWORK  [HostnameCanonicalizationWorker] Starting hostname canonicalization worker
2017-02-11T22:33:49.708-0700 I NETWORK  [initandlisten] waiting for connections on port 27018
2017-02-11T22:33:49.748-0700 I NETWORK  [initandlisten] connection accepted from 127.0.0.1:53528 #1 (1 connection now open)
2017-02-11T22:33:50.174-0700 I CONTROL  [signalProcessingThread] got signal 15 (Terminated: 15), will terminate after current cmd ends
2017-02-11T22:33:50.174-0700 I FTDC     [signalProcessingThread] Shutting down full-time diagnostic data capture
2017-02-11T22:33:50.175-0700 I CONTROL  [signalProcessingThread] now exiting
2017-02-11T22:33:50.175-0700 I NETWORK  [signalProcessingThread] shutdown: going to close listening sockets...
2017-02-11T22:33:50.175-0700 I NETWORK  [signalProcessingThread] closing listening socket: 6
2017-02-11T22:33:50.175-0700 I NETWORK  [signalProcessingThread] closing listening socket: 7
2017-02-11T22:33:50.175-0700 I NETWORK  [signalProcessingThread] removing socket file: /tmp/mongodb-27018.sock
2017-02-11T22:33:50.176-0700 I NETWORK  [signalProcessingThread] shutdown: going to flush diaglog...
2017-02-11T22:33:50.176-0700 I NETWORK  [signalProcessingThread] shutdown: going to close sockets...
2017-02-11T22:33:50.176-0700 I NETWORK  [conn1] end connection 127.0.0.1:53528 (0 connections now open)
2017-02-11T22:33:50.176-0700 I STORAGE  [signalProcessingThread] shutdown: removing fs lock...
2017-02-11T22:33:50.176-0700 I CONTROL  [signalProcessingThread] dbexit:  rc: 0
